This file contains any messages produced by compilers while
running configure, to aid debugging if configure makes a mistake.

It was created by configure, which was
generated by GNU Autoconf 2.69.  Invocation command line was

  $ ./configure --with-emacs=/c/msys64/mingw64/bin/emacs.exe

## --------- ##
## Platform. ##
## --------- ##

hostname = JPC00183513
uname -m = x86_64
uname -r = 3.0.7-338.x86_64
uname -s = MINGW64_NT-10.0-17763
uname -v = 2019-07-11 10:58 UTC

/usr/bin/uname -p = unknown
/bin/uname -X     = unknown

/bin/arch              = x86_64
/usr/bin/arch -k       = unknown
/usr/convex/getsysinfo = unknown
/usr/bin/hostinfo      = unknown
/bin/machine           = unknown
/usr/bin/oslevel       = unknown
/bin/universe          = unknown

PATH: /c/yama/bin
PATH: /c/Program Files/Java/jdk-12.0.1/bin
PATH: /c/winbin/Android/Sdk/platform-tools
PATH: /c/Program Files/Amazon/AWSCLI/bin/
PATH: /c/winbin/csvmake/
PATH: /mingw64/bin
PATH: /usr/local/bin
PATH: /usr/bin
PATH: /bin
PATH: /c/Windows/System32
PATH: /c/Windows
PATH: /c/Windows/System32/Wbem
PATH: /c/Windows/System32/WindowsPowerShell/v1.0/
PATH: /usr/bin/site_perl
PATH: /usr/bin/vendor_perl
PATH: /usr/bin/core_perl


## ----------- ##
## Core tests. ##
## ----------- ##

configure:1642: loading site script /usr/local/etc/config.site
| # This file is in public domain.
| # Original author: Karlson2k (Evgeny Grin)
| # Written for MSys2 to help running 'configure' scripts
| 
| # Use correct config.site file even if CONFIG_SITE is not set
| if test -r /etc/config.site; then
|   . /etc/config.site
| fi
config.site:13: default build_alias set to x86_64-w64-mingw32
config.site:20: default prefix set to /mingw64
configure:1783: checking for a BSD-compatible install
configure:1851: result: /usr/bin/install -c
configure:1862: checking whether build environment is sane
configure:1917: result: yes
configure:1955: WARNING: 'missing' script is too old or missing
configure:2068: checking for a thread-safe mkdir -p
configure:2107: result: /usr/bin/mkdir -p
configure:2114: checking for gawk
configure:2130: found /usr/bin/gawk
configure:2141: result: gawk
configure:2152: checking whether make sets $(MAKE)
configure:2174: result: yes
configure:2203: checking whether make supports nested variables
configure:2220: result: yes
configure:2411: checking where emacs files are in
configure:2452: result: $(datadir)/emacs
configure:2467: checking where .elc files should go
configure:2480: result: $(datadir)/emacs/site-lisp
configure:2486: checking for nkf
configure:2504: found /usr/local/bin/nkf
configure:2517: result: /usr/local/bin/nkf
configure:2532: checking for perl
configure:2550: found /usr/bin/perl
configure:2563: result: /usr/bin/perl
configure:2578: checking for gzip
configure:2596: found /usr/bin/gzip
configure:2609: result: /usr/bin/gzip
configure:2624: checking for bzip2
configure:2642: found /mingw64/bin/bzip2
configure:2655: result: /mingw64/bin/bzip2
configure:2670: checking for cp
configure:2688: found /usr/bin/cp
configure:2701: result: /usr/bin/cp
configure:2716: checking for sort
configure:2734: found /usr/bin/sort
configure:2747: result: /usr/bin/sort
configure:2814: checking for EIWA Dictionary
configure:2860: result: 
configure:2868: checking for WAEI Dictionary
configure:2912: result: 
configure:3067: checking that generated files are newer than configure
configure:3073: result: done
configure:3081: creating ./config.status

## ---------------------- ##
## Running config.status. ##
## ---------------------- ##

This file was extended by config.status, which was
generated by GNU Autoconf 2.69.  Invocation command line was

  CONFIG_FILES    = 
  CONFIG_HEADERS  = 
  CONFIG_LINKS    = 
  CONFIG_COMMANDS = 
  $ ./config.status 

on JPC00183513

config.status:763: creating Makefile
config.status:763: creating lisp/Makefile
config.status:763: creating lisp/sdic.el
config.status:763: creating lisp/sample.emacs
config.status:763: creating install.el

## ---------------- ##
## Cache variables. ##
## ---------------- ##

ac_cv_env_build_alias_set=
ac_cv_env_build_alias_value=
ac_cv_env_host_alias_set=
ac_cv_env_host_alias_value=
ac_cv_env_target_alias_set=
ac_cv_env_target_alias_value=
ac_cv_path_BZIP2=/mingw64/bin/bzip2
ac_cv_path_CP=/usr/bin/cp
ac_cv_path_GZIP=/usr/bin/gzip
ac_cv_path_NKF=/usr/local/bin/nkf
ac_cv_path_PERL=/usr/bin/perl
ac_cv_path_SORT=/usr/bin/sort
ac_cv_path_install='/usr/bin/install -c'
ac_cv_path_mkdir=/usr/bin/mkdir
ac_cv_prog_AWK=gawk
ac_cv_prog_make_make_set=yes
am_cv_make_support_nested_variables=yes

## ----------------- ##
## Output variables. ##
## ----------------- ##

ACLOCAL='aclocal-1.16'
AMTAR='$${TAR-tar}'
AM_BACKSLASH='\'
AM_DEFAULT_V='$(AM_DEFAULT_VERBOSITY)'
AM_DEFAULT_VERBOSITY='1'
AM_V='$(V)'
AUTOCONF='autoconf'
AUTOHEADER='autoheader'
AUTOMAKE='automake-1.16'
AWK='gawk'
BZIP2='/mingw64/bin/bzip2'
CP='/usr/bin/cp'
CYGPATH_W='cygpath -w'
DEFS='-DPACKAGE_NAME=\"\" -DPACKAGE_TARNAME=\"\" -DPACKAGE_VERSION=\"\" -DPACKAGE_STRING=\"\" -DPACKAGE_BUGREPORT=\"\" -DPACKAGE_URL=\"\" -DPACKAGE=\"sdic\" -DVERSION=\"2.1.3\"'
DICTDIR='/usr/local/share/dict'
ECHO_C=''
ECHO_N='-n'
ECHO_T=''
EIJIROU_DIR='./eijirou'
EIWA_DICT=''
EIWA_DICT_LIST='""'
EMACS='/c/msys64/mingw64/bin/emacs.exe'
GZIP='/usr/bin/gzip'
INSTALL_DATA='${INSTALL} -m 644'
INSTALL_PROGRAM='${INSTALL}'
INSTALL_SCRIPT='${INSTALL}'
INSTALL_STRIP_PROGRAM='$(install_sh) -c -s'
LIBOBJS=''
LIBS=''
LTLIBOBJS=''
MAKEINFO='makeinfo'
MKDIR_P='/usr/bin/mkdir -p'
MULTI_DICT='no'
NKF='/usr/local/bin/nkf'
PACKAGE='sdic'
PACKAGE_BUGREPORT=''
PACKAGE_NAME=''
PACKAGE_STRING=''
PACKAGE_TARNAME=''
PACKAGE_URL=''
PACKAGE_VERSION=''
PATH_SEPARATOR=':'
PERL='/usr/bin/perl'
SET_MAKE=''
SHELL='/bin/sh'
SORT='/usr/bin/sort'
STRIP=''
VERSION='2.1.3'
WAEIJIROU_DIR='./waeijirou'
WAEI_DICT=''
WAEI_DICT_LIST='""'
am__isrc=''
am__leading_dot='.'
am__tar='$${TAR-tar} chof - "$$tardir"'
am__untar='$${TAR-tar} xf -'
bindir='${exec_prefix}/bin'
build_alias='x86_64-w64-mingw32'
datadir='${datarootdir}'
datarootdir='${prefix}/share'
docdir='${datarootdir}/doc/${PACKAGE}'
dvidir='${docdir}'
emacsdir='$(datadir)/emacs'
exec_prefix='${prefix}'
host_alias=''
htmldir='${docdir}'
includedir='${prefix}/include'
infodir='${datarootdir}/info'
install_sh='${SHELL} /c/yama/.emacs.d/sdic/install-sh'
libdir='${exec_prefix}/lib'
libexecdir='${exec_prefix}/libexec'
lispdir='$(datadir)/emacs/site-lisp'
localedir='${datarootdir}/locale'
localstatedir='${prefix}/var'
mandir='${datarootdir}/man'
mkdir_p='$(MKDIR_P)'
oldincludedir='/usr/include'
pdfdir='${docdir}'
prefix='/mingw64'
program_transform_name='s,x,x,'
psdir='${docdir}'
sbindir='${exec_prefix}/sbin'
sharedstatedir='${prefix}/com'
sysconfdir='${prefix}/etc'
target_alias=''

## ----------- ##
## confdefs.h. ##
## ----------- ##

/* confdefs.h */
#define PACKAGE_NAME ""
#define PACKAGE_TARNAME ""
#define PACKAGE_VERSION ""
#define PACKAGE_STRING ""
#define PACKAGE_BUGREPORT ""
#define PACKAGE_URL ""
#define PACKAGE "sdic"
#define VERSION "2.1.3"

configure: exit 0
